<?xml version="1.0" encoding="UTF-8"?>
<testng-results skipped="0" failed="0" ignored="0" total="4" passed="4">
  <reporter-output>
  </reporter-output>
  <suite name="Suite" duration-ms="55" started-at="2021-08-04T10:32:31Z" finished-at="2021-08-04T10:32:31Z">
    <groups>
    </groups>
    <test name="Test" duration-ms="55" started-at="2021-08-04T10:32:31Z" finished-at="2021-08-04T10:32:31Z">
      <class name="VamsiAutomation.MavenJava.SeleniumTest">
        <test-method status="PASS" signature="BrowserAutomation()[pri:0, instance:VamsiAutomation.MavenJava.SeleniumTest@23f7d05d]" name="BrowserAutomation" duration-ms="10" started-at="2021-08-04T10:32:31Z" finished-at="2021-08-04T10:32:31Z">
          <reporter-output>
          </reporter-output>
        </test-method> <!-- BrowserAutomation -->
        <test-method status="PASS" signature="elementsUI()[pri:0, instance:VamsiAutomation.MavenJava.SeleniumTest@23f7d05d]" name="elementsUI" duration-ms="0" started-at="2021-08-04T10:32:31Z" finished-at="2021-08-04T10:32:31Z">
          <reporter-output>
          </reporter-output>
        </test-method> <!-- elementsUI -->
      </class> <!-- VamsiAutomation.MavenJava.SeleniumTest -->
      <class name="VamsiAutomation.MavenJava.RESTAPITest">
        <test-method status="PASS" signature="deleteTwitter()[pri:0, instance:VamsiAutomation.MavenJava.RESTAPITest@1e730495]" name="deleteTwitter" duration-ms="1" started-at="2021-08-04T10:32:31Z" finished-at="2021-08-04T10:32:31Z">
          <reporter-output>
          </reporter-output>
        </test-method> <!-- deleteTwitter -->
        <test-method status="PASS" signature="postJira()[pri:0, instance:VamsiAutomation.MavenJava.RESTAPITest@1e730495]" name="postJira" duration-ms="1" started-at="2021-08-04T10:32:31Z" finished-at="2021-08-04T10:32:31Z">
          <reporter-output>
          </reporter-output>
        </test-method> <!-- postJira -->
      </class> <!-- VamsiAutomation.MavenJava.RESTAPITest -->
    </test> <!-- Test -->
  </suite> <!-- Suite -->
</testng-results>
