<?xml version="1.0" encoding="UTF-8"?>
<!-- Generated by org.testng.reporters.JUnitXMLReporter -->
<testsuite hostname="VAMSIKRISHNA" ignored="0" name="Test" tests="4" failures="0" timestamp="04 Aug 2021 10:32:31 GMT" time="0.055" errors="0">
  <testcase name="BrowserAutomation" time="0.01" classname="VamsiAutomation.MavenJava.SeleniumTest"/>
  <testcase name="elementsUI" time="0.0" classname="VamsiAutomation.MavenJava.SeleniumTest"/>
  <testcase name="deleteTwitter" time="0.001" classname="VamsiAutomation.MavenJava.RESTAPITest"/>
  <testcase name="postJira" time="0.001" classname="VamsiAutomation.MavenJava.RESTAPITest"/>
</testsuite> <!-- Test -->
