<?xml version="1.0" encoding="UTF-8"?>
<testng-results ignored="0" total="1" passed="1" failed="0" skipped="0">
  <reporter-output>
  </reporter-output>
  <suite started-at="2021-07-17T19:12:33 IST" name="Default suite" finished-at="2021-07-17T19:13:14 IST" duration-ms="40812">
    <groups>
    </groups>
    <test started-at="2021-07-17T19:12:33 IST" name="Default test" finished-at="2021-07-17T19:13:14 IST" duration-ms="40812">
      <class name="VamsiAutomation.ExtentReports.ExtentReportDemo">
        <test-method is-config="true" signature="config()[pri:0, instance:VamsiAutomation.ExtentReports.ExtentReportDemo@fa49800]" started-at="2021-07-17T19:12:33 IST" name="config" finished-at="2021-07-17T19:12:34 IST" duration-ms="693" status="PASS">
          <reporter-output>
          </reporter-output>
        </test-method> <!-- config -->
        <test-method signature="initialDemo()[pri:0, instance:VamsiAutomation.ExtentReports.ExtentReportDemo@fa49800]" started-at="2021-07-17T19:12:34 IST" name="initialDemo" finished-at="2021-07-17T19:13:14 IST" duration-ms="40048" status="PASS">
          <reporter-output>
          </reporter-output>
        </test-method> <!-- initialDemo -->
      </class> <!-- VamsiAutomation.ExtentReports.ExtentReportDemo -->
    </test> <!-- Default test -->
  </suite> <!-- Default suite -->
</testng-results>
