<?xml version="1.0" encoding="UTF-8"?>
<!-- Generated by org.testng.reporters.JUnitXMLReporter -->
<testsuite ignored="0" hostname="VAMSIKRISHNA" failures="0" tests="4" name="Test" time="0.141" errors="0" timestamp="16 Jul 2021 17:11:21 GMT">
  <testcase classname="VamsiAutomation.MavenJava.SeleniumTest" name="BrowserAutomation" time="0.026"/>
  <testcase classname="VamsiAutomation.MavenJava.SeleniumTest" name="elementsUI" time="0.007"/>
  <testcase classname="VamsiAutomation.MavenJava.RESTAPITest" name="deleteTwitter" time="0.005"/>
  <testcase classname="VamsiAutomation.MavenJava.RESTAPITest" name="postJira" time="0.006"/>
</testsuite> <!-- Test -->
