<?xml version="1.0" encoding="UTF-8"?>
<!-- Generated by org.testng.reporters.JUnitXMLReporter -->
<testsuite ignored="0" hostname="VAMSIKRISHNA" failures="1" tests="1" name="validate the title in page" time="93.86" errors="0" timestamp="2021-08-05T23:41:10 IST">
  <testcase classname="Academy.E2EProject.validateTitle" name="baseNavigationPage" time="1.495">
    <failure type="java.lang.AssertionError" message="expected [FEATURED CURSES] but found [FEATURED COURSES]">
      <![CDATA[java.lang.AssertionError: expected [FEATURED CURSES] but found [FEATURED COURSES]
at Academy.E2EProject.validateTitle.baseNavigationPage(validateTitle.java:30)
at java.base/java.util.ArrayList.forEach(ArrayList.java:1511)
at java.base/java.util.concurrent.FutureTask.run(FutureTask.java:264)
at java.base/java.util.concurrent.ThreadPoolExecutor.runWorker(ThreadPoolExecutor.java:1130)
at java.base/java.util.concurrent.ThreadPoolExecutor$Worker.run(ThreadPoolExecutor.java:630)
at java.base/java.lang.Thread.run(Thread.java:832)
... Removed 24 stack frames]]>
    </failure>
  </testcase> <!-- baseNavigationPage -->
</testsuite> <!-- validate the title in page -->
