<?xml version="1.0" encoding="UTF-8"?>
<testng-results ignored="0" total="1" passed="1" failed="0" skipped="0">
  <reporter-output>
  </reporter-output>
  <suite started-at="2021-07-22T11:21:17 IST" name="Default suite" finished-at="2021-07-22T11:21:50 IST" duration-ms="32820">
    <groups>
    </groups>
    <test started-at="2021-07-22T11:21:17 IST" name="Default test" finished-at="2021-07-22T11:21:50 IST" duration-ms="32820">
      <class name="Testcases.Loginapplication">
        <test-method signature="Login()[pri:0, instance:Testcases.Loginapplication@770d3326]" started-at="2021-07-22T11:21:17 IST" name="Login" finished-at="2021-07-22T11:21:50 IST" duration-ms="32731" status="PASS">
          <reporter-output>
          </reporter-output>
        </test-method> <!-- Login -->
      </class> <!-- Testcases.Loginapplication -->
    </test> <!-- Default test -->
  </suite> <!-- Default suite -->
</testng-results>
