<?xml version="1.0" encoding="UTF-8"?>
<testng-results ignored="0" total="2" passed="2" failed="0" skipped="0">
  <reporter-output>
  </reporter-output>
  <suite started-at="2021-07-17T10:17:13 IST" name="Default suite" finished-at="2021-07-17T10:17:14 IST" duration-ms="125">
    <groups>
    </groups>
    <test started-at="2021-07-17T10:17:13 IST" name="Default test" finished-at="2021-07-17T10:17:14 IST" duration-ms="125">
      <class name="VamsiAutomation.MavenJava.AppiumTest">
        <test-method signature="IOSApps()[pri:0, instance:VamsiAutomation.MavenJava.AppiumTest@10d307f1]" started-at="2021-07-17T10:17:14 IST" name="IOSApps" finished-at="2021-07-17T10:17:14 IST" duration-ms="17" status="PASS">
          <reporter-output>
          </reporter-output>
        </test-method> <!-- IOSApps -->
        <test-method signature="NativeAppAndroid()[pri:0, instance:VamsiAutomation.MavenJava.AppiumTest@10d307f1]" started-at="2021-07-17T10:17:14 IST" name="NativeAppAndroid" finished-at="2021-07-17T10:17:14 IST" duration-ms="3" status="PASS">
          <reporter-output>
          </reporter-output>
        </test-method> <!-- NativeAppAndroid -->
      </class> <!-- VamsiAutomation.MavenJava.AppiumTest -->
    </test> <!-- Default test -->
  </suite> <!-- Default suite -->
</testng-results>
