<?xml version="1.0" encoding="UTF-8"?>
<!-- Generated by org.testng.reporters.JUnitXMLReporter -->
<testsuite hostname="VAMSIKRISHNA" ignored="0" name="Command line test" tests="6" failures="0" timestamp="16 Jul 2021 17:15:04 GMT" time="0.098" errors="0">
  <testcase name="IOSApps" time="0.02" classname="VamsiAutomation.MavenJava.AppiumTest"/>
  <testcase name="NativeAppAndroid" time="0.001" classname="VamsiAutomation.MavenJava.AppiumTest"/>
  <testcase name="deleteTwitter" time="0.003" classname="VamsiAutomation.MavenJava.RESTAPITest"/>
  <testcase name="postJira" time="0.001" classname="VamsiAutomation.MavenJava.RESTAPITest"/>
  <testcase name="BrowserAutomation" time="0.002" classname="VamsiAutomation.MavenJava.SeleniumTest"/>
  <testcase name="elementsUI" time="0.001" classname="VamsiAutomation.MavenJava.SeleniumTest"/>
</testsuite> <!-- Command line test -->
