<?xml version="1.0" encoding="UTF-8"?>
<testng-results ignored="0" total="1" passed="1" failed="0" skipped="0">
  <reporter-output>
  </reporter-output>
  <suite started-at="2021-07-16T22:08:22 IST" name="Default suite" finished-at="2021-07-16T22:08:22 IST" duration-ms="158">
    <groups>
    </groups>
    <test started-at="2021-07-16T22:08:22 IST" name="Default test" finished-at="2021-07-16T22:08:22 IST" duration-ms="158">
      <class name="streamsTest1">
        <test-method signature="streamCollect()[pri:0, instance:streamsTest1@7671cb68]" started-at="2021-07-16T22:08:22 IST" name="streamCollect" finished-at="2021-07-16T22:08:22 IST" duration-ms="23" status="PASS">
          <reporter-output>
          </reporter-output>
        </test-method> <!-- streamCollect -->
      </class> <!-- streamsTest1 -->
    </test> <!-- Default test -->
  </suite> <!-- Default suite -->
</testng-results>
