<?xml version="1.0" encoding="UTF-8"?>
<!-- Generated by org.testng.reporters.JUnitXMLReporter -->
<testsuite ignored="0" hostname="VAMSIKRISHNA" failures="0" tests="5" name="Personal Loan" time="0.111" errors="0" timestamp="2021-07-11T18:32:58 IST">
  <testcase classname="test.day1" name="DemoTestCase1" time="0.014"/>
  <testcase classname="test.day1" name="DemoTestCase2" time="0.003"/>
  <testcase classname="test.day2" name="DemoTestCase1" time="0.004"/>
  <testcase classname="test.day2" name="DemoTestCase1" time="0.004"/>
  <testcase classname="test.day2" name="DemoTestCase1" time="0.005"/>
</testsuite> <!-- Personal Loan -->
